<?xml version="1.0" encoding="UTF-8"?>
<testsuite xmlns:xsi="http://www.w3.org/2001/XMLSchema-instance" xsi:noNamespaceSchemaLocation="https://maven.apache.org/surefire/maven-surefire-plugin/xsd/surefire-test-report.xsd" version="3.0.2" name="runner.TestNGRunner" time="26.321" tests="4" errors="0" skipped="0" failures="0">
  <properties>
    <property name="java.specification.version" value="21"/>
    <property name="sun.cpu.isalist" value="amd64"/>
    <property name="sun.jnu.encoding" value="Cp1252"/>
    <property name="java.class.path" value="C:\Users\rajes\eclipse-workspace\pickleFrameWork\target\test-classes;C:\Users\rajes\eclipse-workspace\pickleFrameWork\target\classes;C:\Users\rajes\.m2\repository\org\seleniumhq\selenium\selenium-java\4.24.0\selenium-java-4.24.0.jar;C:\Users\rajes\.m2\repository\org\seleniumhq\selenium\selenium-api\4.24.0\selenium-api-4.24.0.jar;C:\Users\rajes\.m2\repository\org\jspecify\jspecify\1.0.0\jspecify-1.0.0.jar;C:\Users\rajes\.m2\repository\org\seleniumhq\selenium\selenium-chrome-driver\4.24.0\selenium-chrome-driver-4.24.0.jar;C:\Users\rajes\.m2\repository\com\google\auto\service\auto-service-annotations\1.1.1\auto-service-annotations-1.1.1.jar;C:\Users\rajes\.m2\repository\org\seleniumhq\selenium\selenium-chromium-driver\4.24.0\selenium-chromium-driver-4.24.0.jar;C:\Users\rajes\.m2\repository\org\seleniumhq\selenium\selenium-json\4.24.0\selenium-json-4.24.0.jar;C:\Users\rajes\.m2\repository\org\seleniumhq\selenium\selenium-manager\4.24.0\selenium-manager-4.24.0.jar;C:\Users\rajes\.m2\repository\org\seleniumhq\selenium\selenium-devtools-v126\4.24.0\selenium-devtools-v126-4.24.0.jar;C:\Users\rajes\.m2\repository\org\seleniumhq\selenium\selenium-devtools-v127\4.24.0\selenium-devtools-v127-4.24.0.jar;C:\Users\rajes\.m2\repository\org\seleniumhq\selenium\selenium-devtools-v128\4.24.0\selenium-devtools-v128-4.24.0.jar;C:\Users\rajes\.m2\repository\org\seleniumhq\selenium\selenium-devtools-v85\4.24.0\selenium-devtools-v85-4.24.0.jar;C:\Users\rajes\.m2\repository\org\seleniumhq\selenium\selenium-edge-driver\4.24.0\selenium-edge-driver-4.24.0.jar;C:\Users\rajes\.m2\repository\org\seleniumhq\selenium\selenium-firefox-driver\4.24.0\selenium-firefox-driver-4.24.0.jar;C:\Users\rajes\.m2\repository\org\seleniumhq\selenium\selenium-http\4.24.0\selenium-http-4.24.0.jar;C:\Users\rajes\.m2\repository\dev\failsafe\failsafe\3.3.2\failsafe-3.3.2.jar;C:\Users\rajes\.m2\repository\org\seleniumhq\selenium\selenium-ie-driver\4.24.0\selenium-ie-driver-4.24.0.jar;C:\Users\rajes\.m2\repository\org\seleniumhq\selenium\selenium-remote-driver\4.24.0\selenium-remote-driver-4.24.0.jar;C:\Users\rajes\.m2\repository\com\google\guava\guava\33.3.0-jre\guava-33.3.0-jre.jar;C:\Users\rajes\.m2\repository\com\google\guava\failureaccess\1.0.2\failureaccess-1.0.2.jar;C:\Users\rajes\.m2\repository\com\google\guava\listenablefuture\9999.0-empty-to-avoid-conflict-with-guava\listenablefuture-9999.0-empty-to-avoid-conflict-with-guava.jar;C:\Users\rajes\.m2\repository\com\google\code\findbugs\jsr305\3.0.2\jsr305-3.0.2.jar;C:\Users\rajes\.m2\repository\org\checkerframework\checker-qual\3.43.0\checker-qual-3.43.0.jar;C:\Users\rajes\.m2\repository\com\google\j2objc\j2objc-annotations\3.0.0\j2objc-annotations-3.0.0.jar;C:\Users\rajes\.m2\repository\io\opentelemetry\semconv\opentelemetry-semconv\1.25.0-alpha\opentelemetry-semconv-1.25.0-alpha.jar;C:\Users\rajes\.m2\repository\io\opentelemetry\opentelemetry-api\1.41.0\opentelemetry-api-1.41.0.jar;C:\Users\rajes\.m2\repository\io\opentelemetry\opentelemetry-context\1.41.0\opentelemetry-context-1.41.0.jar;C:\Users\rajes\.m2\repository\io\opentelemetry\opentelemetry-exporter-logging\1.41.0\opentelemetry-exporter-logging-1.41.0.jar;C:\Users\rajes\.m2\repository\io\opentelemetry\opentelemetry-sdk-common\1.41.0\opentelemetry-sdk-common-1.41.0.jar;C:\Users\rajes\.m2\repository\io\opentelemetry\opentelemetry-sdk-extension-autoconfigure-spi\1.41.0\opentelemetry-sdk-extension-autoconfigure-spi-1.41.0.jar;C:\Users\rajes\.m2\repository\io\opentelemetry\opentelemetry-sdk-extension-autoconfigure\1.41.0\opentelemetry-sdk-extension-autoconfigure-1.41.0.jar;C:\Users\rajes\.m2\repository\io\opentelemetry\opentelemetry-api-incubator\1.41.0-alpha\opentelemetry-api-incubator-1.41.0-alpha.jar;C:\Users\rajes\.m2\repository\io\opentelemetry\opentelemetry-sdk-trace\1.41.0\opentelemetry-sdk-trace-1.41.0.jar;C:\Users\rajes\.m2\repository\io\opentelemetry\opentelemetry-sdk\1.41.0\opentelemetry-sdk-1.41.0.jar;C:\Users\rajes\.m2\repository\io\opentelemetry\opentelemetry-sdk-metrics\1.41.0\opentelemetry-sdk-metrics-1.41.0.jar;C:\Users\rajes\.m2\repository\io\opentelemetry\opentelemetry-sdk-logs\1.41.0\opentelemetry-sdk-logs-1.41.0.jar;C:\Users\rajes\.m2\repository\net\bytebuddy\byte-buddy\1.15.0\byte-buddy-1.15.0.jar;C:\Users\rajes\.m2\repository\org\seleniumhq\selenium\selenium-os\4.24.0\selenium-os-4.24.0.jar;C:\Users\rajes\.m2\repository\org\apache\commons\commons-exec\1.4.0\commons-exec-1.4.0.jar;C:\Users\rajes\.m2\repository\org\seleniumhq\selenium\selenium-safari-driver\4.24.0\selenium-safari-driver-4.24.0.jar;C:\Users\rajes\.m2\repository\org\seleniumhq\selenium\selenium-support\4.24.0\selenium-support-4.24.0.jar;C:\Users\rajes\.m2\repository\org\testng\testng\7.7.1\testng-7.7.1.jar;C:\Users\rajes\.m2\repository\org\slf4j\slf4j-api\1.7.36\slf4j-api-1.7.36.jar;C:\Users\rajes\.m2\repository\com\beust\jcommander\1.82\jcommander-1.82.jar;C:\Users\rajes\.m2\repository\org\webjars\jquery\3.6.1\jquery-3.6.1.jar;C:\Users\rajes\.m2\repository\org\apache\poi\poi\5.2.4\poi-5.2.4.jar;C:\Users\rajes\.m2\repository\commons-codec\commons-codec\1.16.0\commons-codec-1.16.0.jar;C:\Users\rajes\.m2\repository\org\apache\commons\commons-collections4\4.4\commons-collections4-4.4.jar;C:\Users\rajes\.m2\repository\org\apache\commons\commons-math3\3.6.1\commons-math3-3.6.1.jar;C:\Users\rajes\.m2\repository\com\zaxxer\SparseBitSet\1.3\SparseBitSet-1.3.jar;C:\Users\rajes\.m2\repository\org\apache\logging\log4j\log4j-api\2.20.0\log4j-api-2.20.0.jar;C:\Users\rajes\.m2\repository\org\apache\poi\poi-ooxml\5.2.4\poi-ooxml-5.2.4.jar;C:\Users\rajes\.m2\repository\org\apache\poi\poi-ooxml-lite\5.2.4\poi-ooxml-lite-5.2.4.jar;C:\Users\rajes\.m2\repository\org\apache\xmlbeans\xmlbeans\5.1.1\xmlbeans-5.1.1.jar;C:\Users\rajes\.m2\repository\org\apache\commons\commons-compress\1.24.0\commons-compress-1.24.0.jar;C:\Users\rajes\.m2\repository\com\github\virtuald\curvesapi\1.08\curvesapi-1.08.jar;C:\Users\rajes\.m2\repository\com\aventstack\extentreports\5.1.2\extentreports-5.1.2.jar;C:\Users\rajes\.m2\repository\io\reactivex\rxjava3\rxjava\3.1.6\rxjava-3.1.6.jar;C:\Users\rajes\.m2\repository\org\reactivestreams\reactive-streams\1.0.4\reactive-streams-1.0.4.jar;C:\Users\rajes\.m2\repository\org\freemarker\freemarker\2.3.32\freemarker-2.3.32.jar;C:\Users\rajes\.m2\repository\org\projectlombok\lombok\1.18.26\lombok-1.18.26.jar;C:\Users\rajes\.m2\repository\io\rest-assured\rest-assured\5.5.0\rest-assured-5.5.0.jar;C:\Users\rajes\.m2\repository\org\apache\groovy\groovy\4.0.22\groovy-4.0.22.jar;C:\Users\rajes\.m2\repository\org\apache\groovy\groovy-xml\4.0.22\groovy-xml-4.0.22.jar;C:\Users\rajes\.m2\repository\org\apache\httpcomponents\httpclient\4.5.13\httpclient-4.5.13.jar;C:\Users\rajes\.m2\repository\org\apache\httpcomponents\httpcore\4.4.13\httpcore-4.4.13.jar;C:\Users\rajes\.m2\repository\commons-logging\commons-logging\1.2\commons-logging-1.2.jar;C:\Users\rajes\.m2\repository\org\apache\httpcomponents\httpmime\4.5.13\httpmime-4.5.13.jar;C:\Users\rajes\.m2\repository\org\hamcrest\hamcrest\2.2\hamcrest-2.2.jar;C:\Users\rajes\.m2\repository\org\ccil\cowan\tagsoup\tagsoup\1.2.1\tagsoup-1.2.1.jar;C:\Users\rajes\.m2\repository\io\rest-assured\json-path\5.5.0\json-path-5.5.0.jar;C:\Users\rajes\.m2\repository\org\apache\groovy\groovy-json\4.0.22\groovy-json-4.0.22.jar;C:\Users\rajes\.m2\repository\io\rest-assured\rest-assured-common\5.5.0\rest-assured-common-5.5.0.jar;C:\Users\rajes\.m2\repository\io\rest-assured\xml-path\5.5.0\xml-path-5.5.0.jar;C:\Users\rajes\.m2\repository\org\apache\commons\commons-lang3\3.11\commons-lang3-3.11.jar;C:\Users\rajes\.m2\repository\com\google\code\gson\gson\2.11.0\gson-2.11.0.jar;C:\Users\rajes\.m2\repository\com\google\errorprone\error_prone_annotations\2.27.0\error_prone_annotations-2.27.0.jar;C:\Users\rajes\.m2\repository\org\aeonbits\owner\owner\1.0.12\owner-1.0.12.jar;C:\Users\rajes\.m2\repository\commons-io\commons-io\2.15.1\commons-io-2.15.1.jar;C:\Users\rajes\.m2\repository\io\cucumber\cucumber-java\7.21.1\cucumber-java-7.21.1.jar;C:\Users\rajes\.m2\repository\io\cucumber\cucumber-core\7.21.1\cucumber-core-7.21.1.jar;C:\Users\rajes\.m2\repository\io\cucumber\cucumber-gherkin\7.21.1\cucumber-gherkin-7.21.1.jar;C:\Users\rajes\.m2\repository\io\cucumber\cucumber-gherkin-messages\7.21.1\cucumber-gherkin-messages-7.21.1.jar;C:\Users\rajes\.m2\repository\io\cucumber\gherkin\31.0.0\gherkin-31.0.0.jar;C:\Users\rajes\.m2\repository\io\cucumber\messages\27.2.0\messages-27.2.0.jar;C:\Users\rajes\.m2\repository\io\cucumber\testng-xml-formatter\0.3.1\testng-xml-formatter-0.3.1.jar;C:\Users\rajes\.m2\repository\io\cucumber\query\13.2.0\query-13.2.0.jar;C:\Users\rajes\.m2\repository\io\cucumber\tag-expressions\6.1.2\tag-expressions-6.1.2.jar;C:\Users\rajes\.m2\repository\io\cucumber\cucumber-expressions\18.0.1\cucumber-expressions-18.0.1.jar;C:\Users\rajes\.m2\repository\io\cucumber\datatable\7.21.1\datatable-7.21.1.jar;C:\Users\rajes\.m2\repository\io\cucumber\cucumber-plugin\7.21.1\cucumber-plugin-7.21.1.jar;C:\Users\rajes\.m2\repository\io\cucumber\docstring\7.21.1\docstring-7.21.1.jar;C:\Users\rajes\.m2\repository\io\cucumber\html-formatter\21.9.0\html-formatter-21.9.0.jar;C:\Users\rajes\.m2\repository\io\cucumber\junit-xml-formatter\0.7.1\junit-xml-formatter-0.7.1.jar;C:\Users\rajes\.m2\repository\io\cucumber\ci-environment\10.0.1\ci-environment-10.0.1.jar;C:\Users\rajes\.m2\repository\org\apiguardian\apiguardian-api\1.1.2\apiguardian-api-1.1.2.jar;C:\Users\rajes\.m2\repository\io\cucumber\cucumber-testng\7.21.1\cucumber-testng-7.21.1.jar;C:\Users\rajes\.m2\repository\com\fasterxml\jackson\core\jackson-databind\2.18.0\jackson-databind-2.18.0.jar;C:\Users\rajes\.m2\repository\com\fasterxml\jackson\core\jackson-annotations\2.18.0\jackson-annotations-2.18.0.jar;C:\Users\rajes\.m2\repository\com\fasterxml\jackson\core\jackson-core\2.18.0\jackson-core-2.18.0.jar;C:\Users\rajes\.m2\repository\org\json\json\20210307\json-20210307.jar;"/>
    <property name="java.vm.vendor" value="Oracle Corporation"/>
    <property name="sun.arch.data.model" value="64"/>
    <property name="user.variant" value=""/>
    <property name="java.vendor.url" value="https://java.oracle.com/"/>
    <property name="user.timezone" value="Asia/Calcutta"/>
    <property name="os.name" value="Windows 11"/>
    <property name="java.vm.specification.version" value="21"/>
    <property name="sun.java.launcher" value="SUN_STANDARD"/>
    <property name="user.country" value="IN"/>
    <property name="sun.boot.library.path" value="C:\Program Files\Java\jdk-21\bin"/>
    <property name="sun.java.command" value="C:\Users\rajes\AppData\Local\Temp\surefire13369287974099663146\surefirebooter-20250501132038934_3.jar C:\Users\rajes\AppData\Local\Temp\surefire13369287974099663146 2025-05-01T13-20-38_666-jvmRun1 surefire-20250501132038934_1tmp surefire_0-20250501132038934_2tmp"/>
    <property name="jdk.debug" value="release"/>
    <property name="surefire.test.class.path" value="C:\Users\rajes\eclipse-workspace\pickleFrameWork\target\test-classes;C:\Users\rajes\eclipse-workspace\pickleFrameWork\target\classes;C:\Users\rajes\.m2\repository\org\seleniumhq\selenium\selenium-java\4.24.0\selenium-java-4.24.0.jar;C:\Users\rajes\.m2\repository\org\seleniumhq\selenium\selenium-api\4.24.0\selenium-api-4.24.0.jar;C:\Users\rajes\.m2\repository\org\jspecify\jspecify\1.0.0\jspecify-1.0.0.jar;C:\Users\rajes\.m2\repository\org\seleniumhq\selenium\selenium-chrome-driver\4.24.0\selenium-chrome-driver-4.24.0.jar;C:\Users\rajes\.m2\repository\com\google\auto\service\auto-service-annotations\1.1.1\auto-service-annotations-1.1.1.jar;C:\Users\rajes\.m2\repository\org\seleniumhq\selenium\selenium-chromium-driver\4.24.0\selenium-chromium-driver-4.24.0.jar;C:\Users\rajes\.m2\repository\org\seleniumhq\selenium\selenium-json\4.24.0\selenium-json-4.24.0.jar;C:\Users\rajes\.m2\repository\org\seleniumhq\selenium\selenium-manager\4.24.0\selenium-manager-4.24.0.jar;C:\Users\rajes\.m2\repository\org\seleniumhq\selenium\selenium-devtools-v126\4.24.0\selenium-devtools-v126-4.24.0.jar;C:\Users\rajes\.m2\repository\org\seleniumhq\selenium\selenium-devtools-v127\4.24.0\selenium-devtools-v127-4.24.0.jar;C:\Users\rajes\.m2\repository\org\seleniumhq\selenium\selenium-devtools-v128\4.24.0\selenium-devtools-v128-4.24.0.jar;C:\Users\rajes\.m2\repository\org\seleniumhq\selenium\selenium-devtools-v85\4.24.0\selenium-devtools-v85-4.24.0.jar;C:\Users\rajes\.m2\repository\org\seleniumhq\selenium\selenium-edge-driver\4.24.0\selenium-edge-driver-4.24.0.jar;C:\Users\rajes\.m2\repository\org\seleniumhq\selenium\selenium-firefox-driver\4.24.0\selenium-firefox-driver-4.24.0.jar;C:\Users\rajes\.m2\repository\org\seleniumhq\selenium\selenium-http\4.24.0\selenium-http-4.24.0.jar;C:\Users\rajes\.m2\repository\dev\failsafe\failsafe\3.3.2\failsafe-3.3.2.jar;C:\Users\rajes\.m2\repository\org\seleniumhq\selenium\selenium-ie-driver\4.24.0\selenium-ie-driver-4.24.0.jar;C:\Users\rajes\.m2\repository\org\seleniumhq\selenium\selenium-remote-driver\4.24.0\selenium-remote-driver-4.24.0.jar;C:\Users\rajes\.m2\repository\com\google\guava\guava\33.3.0-jre\guava-33.3.0-jre.jar;C:\Users\rajes\.m2\repository\com\google\guava\failureaccess\1.0.2\failureaccess-1.0.2.jar;C:\Users\rajes\.m2\repository\com\google\guava\listenablefuture\9999.0-empty-to-avoid-conflict-with-guava\listenablefuture-9999.0-empty-to-avoid-conflict-with-guava.jar;C:\Users\rajes\.m2\repository\com\google\code\findbugs\jsr305\3.0.2\jsr305-3.0.2.jar;C:\Users\rajes\.m2\repository\org\checkerframework\checker-qual\3.43.0\checker-qual-3.43.0.jar;C:\Users\rajes\.m2\repository\com\google\j2objc\j2objc-annotations\3.0.0\j2objc-annotations-3.0.0.jar;C:\Users\rajes\.m2\repository\io\opentelemetry\semconv\opentelemetry-semconv\1.25.0-alpha\opentelemetry-semconv-1.25.0-alpha.jar;C:\Users\rajes\.m2\repository\io\opentelemetry\opentelemetry-api\1.41.0\opentelemetry-api-1.41.0.jar;C:\Users\rajes\.m2\repository\io\opentelemetry\opentelemetry-context\1.41.0\opentelemetry-context-1.41.0.jar;C:\Users\rajes\.m2\repository\io\opentelemetry\opentelemetry-exporter-logging\1.41.0\opentelemetry-exporter-logging-1.41.0.jar;C:\Users\rajes\.m2\repository\io\opentelemetry\opentelemetry-sdk-common\1.41.0\opentelemetry-sdk-common-1.41.0.jar;C:\Users\rajes\.m2\repository\io\opentelemetry\opentelemetry-sdk-extension-autoconfigure-spi\1.41.0\opentelemetry-sdk-extension-autoconfigure-spi-1.41.0.jar;C:\Users\rajes\.m2\repository\io\opentelemetry\opentelemetry-sdk-extension-autoconfigure\1.41.0\opentelemetry-sdk-extension-autoconfigure-1.41.0.jar;C:\Users\rajes\.m2\repository\io\opentelemetry\opentelemetry-api-incubator\1.41.0-alpha\opentelemetry-api-incubator-1.41.0-alpha.jar;C:\Users\rajes\.m2\repository\io\opentelemetry\opentelemetry-sdk-trace\1.41.0\opentelemetry-sdk-trace-1.41.0.jar;C:\Users\rajes\.m2\repository\io\opentelemetry\opentelemetry-sdk\1.41.0\opentelemetry-sdk-1.41.0.jar;C:\Users\rajes\.m2\repository\io\opentelemetry\opentelemetry-sdk-metrics\1.41.0\opentelemetry-sdk-metrics-1.41.0.jar;C:\Users\rajes\.m2\repository\io\opentelemetry\opentelemetry-sdk-logs\1.41.0\opentelemetry-sdk-logs-1.41.0.jar;C:\Users\rajes\.m2\repository\net\bytebuddy\byte-buddy\1.15.0\byte-buddy-1.15.0.jar;C:\Users\rajes\.m2\repository\org\seleniumhq\selenium\selenium-os\4.24.0\selenium-os-4.24.0.jar;C:\Users\rajes\.m2\repository\org\apache\commons\commons-exec\1.4.0\commons-exec-1.4.0.jar;C:\Users\rajes\.m2\repository\org\seleniumhq\selenium\selenium-safari-driver\4.24.0\selenium-safari-driver-4.24.0.jar;C:\Users\rajes\.m2\repository\org\seleniumhq\selenium\selenium-support\4.24.0\selenium-support-4.24.0.jar;C:\Users\rajes\.m2\repository\org\testng\testng\7.7.1\testng-7.7.1.jar;C:\Users\rajes\.m2\repository\org\slf4j\slf4j-api\1.7.36\slf4j-api-1.7.36.jar;C:\Users\rajes\.m2\repository\com\beust\jcommander\1.82\jcommander-1.82.jar;C:\Users\rajes\.m2\repository\org\webjars\jquery\3.6.1\jquery-3.6.1.jar;C:\Users\rajes\.m2\repository\org\apache\poi\poi\5.2.4\poi-5.2.4.jar;C:\Users\rajes\.m2\repository\commons-codec\commons-codec\1.16.0\commons-codec-1.16.0.jar;C:\Users\rajes\.m2\repository\org\apache\commons\commons-collections4\4.4\commons-collections4-4.4.jar;C:\Users\rajes\.m2\repository\org\apache\commons\commons-math3\3.6.1\commons-math3-3.6.1.jar;C:\Users\rajes\.m2\repository\com\zaxxer\SparseBitSet\1.3\SparseBitSet-1.3.jar;C:\Users\rajes\.m2\repository\org\apache\logging\log4j\log4j-api\2.20.0\log4j-api-2.20.0.jar;C:\Users\rajes\.m2\repository\org\apache\poi\poi-ooxml\5.2.4\poi-ooxml-5.2.4.jar;C:\Users\rajes\.m2\repository\org\apache\poi\poi-ooxml-lite\5.2.4\poi-ooxml-lite-5.2.4.jar;C:\Users\rajes\.m2\repository\org\apache\xmlbeans\xmlbeans\5.1.1\xmlbeans-5.1.1.jar;C:\Users\rajes\.m2\repository\org\apache\commons\commons-compress\1.24.0\commons-compress-1.24.0.jar;C:\Users\rajes\.m2\repository\com\github\virtuald\curvesapi\1.08\curvesapi-1.08.jar;C:\Users\rajes\.m2\repository\com\aventstack\extentreports\5.1.2\extentreports-5.1.2.jar;C:\Users\rajes\.m2\repository\io\reactivex\rxjava3\rxjava\3.1.6\rxjava-3.1.6.jar;C:\Users\rajes\.m2\repository\org\reactivestreams\reactive-streams\1.0.4\reactive-streams-1.0.4.jar;C:\Users\rajes\.m2\repository\org\freemarker\freemarker\2.3.32\freemarker-2.3.32.jar;C:\Users\rajes\.m2\repository\org\projectlombok\lombok\1.18.26\lombok-1.18.26.jar;C:\Users\rajes\.m2\repository\io\rest-assured\rest-assured\5.5.0\rest-assured-5.5.0.jar;C:\Users\rajes\.m2\repository\org\apache\groovy\groovy\4.0.22\groovy-4.0.22.jar;C:\Users\rajes\.m2\repository\org\apache\groovy\groovy-xml\4.0.22\groovy-xml-4.0.22.jar;C:\Users\rajes\.m2\repository\org\apache\httpcomponents\httpclient\4.5.13\httpclient-4.5.13.jar;C:\Users\rajes\.m2\repository\org\apache\httpcomponents\httpcore\4.4.13\httpcore-4.4.13.jar;C:\Users\rajes\.m2\repository\commons-logging\commons-logging\1.2\commons-logging-1.2.jar;C:\Users\rajes\.m2\repository\org\apache\httpcomponents\httpmime\4.5.13\httpmime-4.5.13.jar;C:\Users\rajes\.m2\repository\org\hamcrest\hamcrest\2.2\hamcrest-2.2.jar;C:\Users\rajes\.m2\repository\org\ccil\cowan\tagsoup\tagsoup\1.2.1\tagsoup-1.2.1.jar;C:\Users\rajes\.m2\repository\io\rest-assured\json-path\5.5.0\json-path-5.5.0.jar;C:\Users\rajes\.m2\repository\org\apache\groovy\groovy-json\4.0.22\groovy-json-4.0.22.jar;C:\Users\rajes\.m2\repository\io\rest-assured\rest-assured-common\5.5.0\rest-assured-common-5.5.0.jar;C:\Users\rajes\.m2\repository\io\rest-assured\xml-path\5.5.0\xml-path-5.5.0.jar;C:\Users\rajes\.m2\repository\org\apache\commons\commons-lang3\3.11\commons-lang3-3.11.jar;C:\Users\rajes\.m2\repository\com\google\code\gson\gson\2.11.0\gson-2.11.0.jar;C:\Users\rajes\.m2\repository\com\google\errorprone\error_prone_annotations\2.27.0\error_prone_annotations-2.27.0.jar;C:\Users\rajes\.m2\repository\org\aeonbits\owner\owner\1.0.12\owner-1.0.12.jar;C:\Users\rajes\.m2\repository\commons-io\commons-io\2.15.1\commons-io-2.15.1.jar;C:\Users\rajes\.m2\repository\io\cucumber\cucumber-java\7.21.1\cucumber-java-7.21.1.jar;C:\Users\rajes\.m2\repository\io\cucumber\cucumber-core\7.21.1\cucumber-core-7.21.1.jar;C:\Users\rajes\.m2\repository\io\cucumber\cucumber-gherkin\7.21.1\cucumber-gherkin-7.21.1.jar;C:\Users\rajes\.m2\repository\io\cucumber\cucumber-gherkin-messages\7.21.1\cucumber-gherkin-messages-7.21.1.jar;C:\Users\rajes\.m2\repository\io\cucumber\gherkin\31.0.0\gherkin-31.0.0.jar;C:\Users\rajes\.m2\repository\io\cucumber\messages\27.2.0\messages-27.2.0.jar;C:\Users\rajes\.m2\repository\io\cucumber\testng-xml-formatter\0.3.1\testng-xml-formatter-0.3.1.jar;C:\Users\rajes\.m2\repository\io\cucumber\query\13.2.0\query-13.2.0.jar;C:\Users\rajes\.m2\repository\io\cucumber\tag-expressions\6.1.2\tag-expressions-6.1.2.jar;C:\Users\rajes\.m2\repository\io\cucumber\cucumber-expressions\18.0.1\cucumber-expressions-18.0.1.jar;C:\Users\rajes\.m2\repository\io\cucumber\datatable\7.21.1\datatable-7.21.1.jar;C:\Users\rajes\.m2\repository\io\cucumber\cucumber-plugin\7.21.1\cucumber-plugin-7.21.1.jar;C:\Users\rajes\.m2\repository\io\cucumber\docstring\7.21.1\docstring-7.21.1.jar;C:\Users\rajes\.m2\repository\io\cucumber\html-formatter\21.9.0\html-formatter-21.9.0.jar;C:\Users\rajes\.m2\repository\io\cucumber\junit-xml-formatter\0.7.1\junit-xml-formatter-0.7.1.jar;C:\Users\rajes\.m2\repository\io\cucumber\ci-environment\10.0.1\ci-environment-10.0.1.jar;C:\Users\rajes\.m2\repository\org\apiguardian\apiguardian-api\1.1.2\apiguardian-api-1.1.2.jar;C:\Users\rajes\.m2\repository\io\cucumber\cucumber-testng\7.21.1\cucumber-testng-7.21.1.jar;C:\Users\rajes\.m2\repository\com\fasterxml\jackson\core\jackson-databind\2.18.0\jackson-databind-2.18.0.jar;C:\Users\rajes\.m2\repository\com\fasterxml\jackson\core\jackson-annotations\2.18.0\jackson-annotations-2.18.0.jar;C:\Users\rajes\.m2\repository\com\fasterxml\jackson\core\jackson-core\2.18.0\jackson-core-2.18.0.jar;C:\Users\rajes\.m2\repository\org\json\json\20210307\json-20210307.jar;"/>
    <property name="sun.cpu.endian" value="little"/>
    <property name="user.home" value="C:\Users\rajes"/>
    <property name="user.language" value="en"/>
    <property name="java.specification.vendor" value="Oracle Corporation"/>
    <property name="java.version.date" value="2024-10-15"/>
    <property name="java.home" value="C:\Program Files\Java\jdk-21"/>
    <property name="file.separator" value="\"/>
    <property name="basedir" value="C:\Users\rajes\eclipse-workspace\pickleFrameWork"/>
    <property name="java.vm.compressedOopsMode" value="Zero based"/>
    <property name="line.separator" value="&#10;"/>
    <property name="java.vm.specification.vendor" value="Oracle Corporation"/>
    <property name="java.specification.name" value="Java Platform API Specification"/>
    <property name="surefire.real.class.path" value="C:\Users\rajes\AppData\Local\Temp\surefire13369287974099663146\surefirebooter-20250501132038934_3.jar"/>
    <property name="user.script" value=""/>
    <property name="sun.management.compiler" value="HotSpot 64-Bit Tiered Compilers"/>
    <property name="java.runtime.version" value="21.0.5+9-LTS-239"/>
    <property name="user.name" value="rajes"/>
    <property name="stdout.encoding" value="Cp1252"/>
    <property name="path.separator" value=";"/>
    <property name="os.version" value="10.0"/>
    <property name="java.runtime.name" value="Java(TM) SE Runtime Environment"/>
    <property name="file.encoding" value="UTF-8"/>
    <property name="java.vm.name" value="Java HotSpot(TM) 64-Bit Server VM"/>
    <property name="localRepository" value="C:\Users\rajes\.m2\repository"/>
    <property name="java.vendor.url.bug" value="https://bugreport.java.com/bugreport/"/>
    <property name="java.io.tmpdir" value="C:\Users\rajes\AppData\Local\Temp\"/>
    <property name="java.version" value="21.0.5"/>
    <property name="user.dir" value="C:\Users\rajes\eclipse-workspace\pickleFrameWork"/>
    <property name="os.arch" value="amd64"/>
    <property name="java.vm.specification.name" value="Java Virtual Machine Specification"/>
    <property name="sun.os.patch.level" value=""/>
    <property name="native.encoding" value="Cp1252"/>
    <property name="java.library.path" value="C:\Program Files\Java\jdk-21\bin;C:\WINDOWS\Sun\Java\bin;C:\WINDOWS\system32;C:\WINDOWS;C:\Program Files\Java\jdk-21\bin;C:\Program Files;C:\Program Files (x86)\Intel\iCLS Client\;C:\Program Files\Intel\iCLS Client\;C:\WINDOWS\system32;C:\WINDOWS;C:\WINDOWS\System32\Wbem;C:\WINDOWS\System32\WindowsPowerShell\v1.0\;C:\Program Files (x86)\Intel\Intel(R) Management Engine Components\DAL;C:\Program Files\Intel\Intel(R) Management Engine Components\DAL;C:\Program Files (x86)\Intel\Intel(R) Management Engine Components\IPT;C:\Program Files\Intel\Intel(R) Management Engine Components\IPT;C:\Program Files\Intel\WiFi\bin\;C:\Program Files\Common Files\Intel\WirelessCommon\;C:\WINDOWS\System32\OpenSSH\;C:\Program Files\Java\jdk-21\bin;C:\Program Files\apache-maven-3.8.6\bin;C:\Program Files\Git\cmd;;C:\Program Files\Docker\Docker\resources\bin;C:\Users\rajes\AppData\Local\Microsoft\WindowsApps;C:\Program Files\JetBrains\IntelliJ IDEA Community Edition 2024.3.1\bin;."/>
    <property name="java.vm.info" value="mixed mode, sharing"/>
    <property name="stderr.encoding" value="Cp1252"/>
    <property name="java.vendor" value="Oracle Corporation"/>
    <property name="java.vm.version" value="21.0.5+9-LTS-239"/>
    <property name="sun.io.unicode.encoding" value="UnicodeLittle"/>
    <property name="java.class.version" value="65.0"/>
  </properties>
  <testcase name="runScenario[&quot;Create a incident record and validate the status code&quot;, &quot;Service now api incident feature&quot;](1)" classname="runner.TestNGRunner" time="8.175">
    <system-out><![CDATA[
Scenario: Create a incident record and validate the status code              &amp#27;[90m# src/test/java/features/IncidentService.feature:8&amp#27;[0m
  &amp#27;[32mGiven &amp#27;[0m&amp#27;[32mSet the base uri of the service now api&amp#27;[0m                              &amp#27;[90m# step.defs.som.IncidentServiceSteps.set_the_base_uri_of_the_service_now_api()&amp#27;[0m
  &amp#27;[32mAnd &amp#27;[0m&amp#27;[32mSet the base path of the service now api&amp#27;[0m                               &amp#27;[90m# step.defs.som.IncidentServiceSteps.set_the_base_path_of_the_service_now_api()&amp#27;[0m
  &amp#27;[32mAnd &amp#27;[0m&amp#27;[32mSet the basic Auth of the service now api&amp#27;[0m                              &amp#27;[90m# step.defs.som.IncidentServiceSteps.set_the_basic_auth_of_the_service_now_api()&amp#27;[0m
  &amp#27;[32mWhen &amp#27;[0m&amp#27;[32mSet the header &amp#27;[0m&amp#27;[32m&amp#27;[1m"Content-Type"&amp#27;[0m&amp#27;[32m key and header &amp#27;[0m&amp#27;[32m&amp#27;[1m"application/json"&amp#27;[0m&amp#27;[32m value&amp#27;[0m &amp#27;[90m# step.defs.som.IncidentServiceSteps.set_the_header_key_and_header_value(java.lang.String,java.lang.String)&amp#27;[0m
  &amp#27;[32mAnd &amp#27;[0m&amp#27;[32madd the create incident request body as string&amp#27;[0m                         &amp#27;[90m# step.defs.som.IncidentServiceSteps.add_the_create_incident_request_body_as_string()&amp#27;[0m
  &amp#27;[32mAnd &amp#27;[0m&amp#27;[32mhit the post http method&amp#27;[0m                                               &amp#27;[90m# step.defs.som.IncidentServiceSteps.hit_the_post_http_method()&amp#27;[0m
  &amp#27;[32mThen &amp#27;[0m&amp#27;[32mvalidate the status code and status line&amp#27;[0m                              &amp#27;[90m# step.defs.som.IncidentServiceSteps.validate_the_status_code_and_status_line()&amp#27;[0m
]]></system-out>
    <system-err><![CDATA[SLF4J: Failed to load class "org.slf4j.impl.StaticLoggerBinder".
SLF4J: Defaulting to no-operation (NOP) logger implementation
SLF4J: See http://www.slf4j.org/codes.html#StaticLoggerBinder for further details.
May 01, 2025 1:20:50 PM com.api.rest.assured.base.RestAssuredListener filter
INFO: ============ Request Log ============
HTTP Method: POST
URI: https://dev306865.service-now.com/api/now/table/incident
Headers: [Accept=*/*, Content-Type=application/json]
Request Payload: {"short_description":"SDET SEP 2024","description":"Create a new record using Post"}
=====================================
May 01, 2025 1:20:50 PM com.api.rest.assured.base.RestAssuredListener filter
INFO: ============ Response Log ============
Response Status Code: 201
Response Status Line: HTTP/1.1 201 Created
Response Body: 
{
    "result": {
        "parent": "",
        "made_sla": "true",
        "caused_by": "",
        "watch_list": "",
        "upon_reject": "cancel",
        "sys_updated_on": "2025-05-01 07:50:49",
        "child_incidents": "0",
        "hold_reason": "",
        "origin_table": "",
        "task_effective_number": "INC0010013",
        "approval_history": "",
        "number": "INC0010013",
        "resolved_by": "",
        "sys_updated_by": "admin",
        "opened_by": {
            "link": "https://dev306865.service-now.com/api/now/table/sys_user/6816f79cc0a8016401c5a33be04be441",
            "value": "6816f79cc0a8016401c5a33be04be441"
        },
        "user_input": "",
        "sys_created_on": "2025-05-01 07:50:49",
        "sys_domain": {
            "link": "https://dev306865.service-now.com/api/now/table/sys_user_group/global",
            "value": "global"
        },
        "state": "1",
        "route_reason": "",
        "sys_created_by": "admin",
        "knowledge": "false",
        "order": "",
        "calendar_stc": "",
        "closed_at": "",
        "cmdb_ci": "",
        "delivery_plan": "",
        "contract": "",
        "impact": "3",
        "active": "true",
        "work_notes_list": "",
        "business_service": "",
        "business_impact": "",
        "priority": "5",
        "sys_domain_path": "/",
        "rfc": "",
        "time_worked": "",
        "expected_start": "",
        "opened_at": "2025-05-01 07:50:49",
        "business_duration": "",
        "group_list": "",
        "work_end": "",
        "caller_id": "",
        "reopened_time": "",
        "resolved_at": "",
        "approval_set": "",
        "subcategory": "",
        "work_notes": "",
        "universal_request": "",
        "short_description": "SDET SEP 2024",
        "close_code": "",
        "correlation_display": "",
        "delivery_task": "",
        "work_start": "",
        "assignment_group": "",
        "additional_assignee_list": "",
        "business_stc": "",
        "cause": "",
        "description": "Create a new record using Post",
        "origin_id": "",
        "calendar_duration": "",
        "close_notes": "",
        "notify": "1",
        "service_offering": "",
        "sys_class_name": "incident",
        "closed_by": "",
        "follow_up": "",
        "parent_incident": "",
        "sys_id": "d40dffe093d12210521b393efaba101d",
        "contact_type": "",
        "reopened_by": "",
        "incident_state": "1",
        "urgency": "3",
        "problem_id": "",
        "company": "",
        "reassignment_count": "0",
        "activity_due": "",
        "assigned_to": "",
        "severity": "3",
        "comments": "",
        "approval": "not requested",
        "sla_due": "",
        "comments_and_work_notes": "",
        "due_date": "",
        "sys_mod_count": "0",
        "reopen_count": "0",
        "sys_tags": "",
        "escalation": "0",
        "upon_approval": "proceed",
        "correlation_id": "",
        "location": "",
        "category": "inquiry"
    }
}
Headers: 
Content-Type: application/json;charset=UTF-8
=====================================
]]></system-err>
  </testcase>
  <testcase name="runScenario[&quot;Create a incident record body as POJO Object and validate the status code&quot;, &quot;Service now api incident feature&quot;](2)" classname="runner.TestNGRunner" time="3.771">
    <system-out><![CDATA[
Scenario Outline: Create a incident record body as POJO Object and validate the status code                          &amp#27;[90m# src/test/java/features/IncidentService.feature:23&amp#27;[0m
  &amp#27;[32mGiven &amp#27;[0m&amp#27;[32mSet the base uri of the service now api&amp#27;[0m                                                                      &amp#27;[90m# step.defs.som.IncidentServiceSteps.set_the_base_uri_of_the_service_now_api()&amp#27;[0m
  &amp#27;[32mAnd &amp#27;[0m&amp#27;[32mSet the base path of the service now api&amp#27;[0m                                                                       &amp#27;[90m# step.defs.som.IncidentServiceSteps.set_the_base_path_of_the_service_now_api()&amp#27;[0m
  &amp#27;[32mAnd &amp#27;[0m&amp#27;[32mSet the basic Auth of the service now api&amp#27;[0m                                                                      &amp#27;[90m# step.defs.som.IncidentServiceSteps.set_the_basic_auth_of_the_service_now_api()&amp#27;[0m
  &amp#27;[32mWhen &amp#27;[0m&amp#27;[32mSet the header &amp#27;[0m&amp#27;[32m&amp#27;[1m"Content-Type"&amp#27;[0m&amp#27;[32m key and header &amp#27;[0m&amp#27;[32m&amp#27;[1m"application/json"&amp#27;[0m&amp#27;[32m value&amp#27;[0m                                         &amp#27;[90m# step.defs.som.IncidentServiceSteps.set_the_header_key_and_header_value(java.lang.String,java.lang.String)&amp#27;[0m
  &amp#27;[32mAnd &amp#27;[0m&amp#27;[32mcreate the incident record with description &amp#27;[0m&amp#27;[32m&amp#27;[1mAPISessionJAN&amp#27;[0m&amp#27;[32m in the request body&amp#27;[0m                                  &amp#27;[90m# step.defs.som.IncidentServiceSteps.create_the_incident_record_with_description_api_session_jan_in_the_request_body(java.lang.String)&amp#27;[0m
  &amp#27;[32mAnd &amp#27;[0m&amp#27;[32mcreate the incident record with short description &amp#27;[0m&amp#27;[32m&amp#27;[1mAdding new record using POST POJO Object&amp#27;[0m&amp#27;[32m in the request body&amp#27;[0m &amp#27;[90m# step.defs.som.IncidentServiceSteps.create_the_incident_record_with_shaort_description_adding_new_record_using_post_pojo_object_in_the_request_body(java.lang.String)&amp#27;[0m
  &amp#27;[32mAnd &amp#27;[0m&amp#27;[32mhit the post http method with request body as the pojo object&amp#27;[0m                                                  &amp#27;[90m# step.defs.som.IncidentServiceSteps.hit_the_post_http_method_with_request_body_as_the_pojo_object()&amp#27;[0m
  &amp#27;[32mThen &amp#27;[0m&amp#27;[32mvalidate the status code and status line&amp#27;[0m                                                                      &amp#27;[90m# step.defs.som.IncidentServiceSteps.validate_the_status_code_and_status_line()&amp#27;[0m
]]></system-out>
    <system-err><![CDATA[May 01, 2025 1:20:54 PM com.api.rest.assured.base.RestAssuredListener filter
INFO: ============ Request Log ============
HTTP Method: POST
URI: https://dev306865.service-now.com/api/now/table/incident
Headers: [Accept=*/*, Content-Type=application/json]
Request Payload: {"short_description":"Adding new record using POST POJO Object","description":"APISessionJAN"}
=====================================
May 01, 2025 1:20:54 PM com.api.rest.assured.base.RestAssuredListener filter
INFO: ============ Response Log ============
Response Status Code: 201
Response Status Line: HTTP/1.1 201 Created
Response Body: 
{
    "result": {
        "parent": "",
        "made_sla": "true",
        "caused_by": "",
        "watch_list": "",
        "upon_reject": "cancel",
        "sys_updated_on": "2025-05-01 07:50:54",
        "child_incidents": "0",
        "hold_reason": "",
        "origin_table": "",
        "task_effective_number": "INC0010014",
        "approval_history": "",
        "number": "INC0010014",
        "resolved_by": "",
        "sys_updated_by": "admin",
        "opened_by": {
            "link": "https://dev306865.service-now.com/api/now/table/sys_user/6816f79cc0a8016401c5a33be04be441",
            "value": "6816f79cc0a8016401c5a33be04be441"
        },
        "user_input": "",
        "sys_created_on": "2025-05-01 07:50:54",
        "sys_domain": {
            "link": "https://dev306865.service-now.com/api/now/table/sys_user_group/global",
            "value": "global"
        },
        "state": "1",
        "route_reason": "",
        "sys_created_by": "admin",
        "knowledge": "false",
        "order": "",
        "calendar_stc": "",
        "closed_at": "",
        "cmdb_ci": "",
        "delivery_plan": "",
        "contract": "",
        "impact": "3",
        "active": "true",
        "work_notes_list": "",
        "business_service": "",
        "business_impact": "",
        "priority": "5",
        "sys_domain_path": "/",
        "rfc": "",
        "time_worked": "",
        "expected_start": "",
        "opened_at": "2025-05-01 07:50:54",
        "business_duration": "",
        "group_list": "",
        "work_end": "",
        "caller_id": "",
        "reopened_time": "",
        "resolved_at": "",
        "approval_set": "",
        "subcategory": "",
        "work_notes": "",
        "universal_request": "",
        "short_description": "Adding new record using POST POJO Object",
        "close_code": "",
        "correlation_display": "",
        "delivery_task": "",
        "work_start": "",
        "assignment_group": "",
        "additional_assignee_list": "",
        "business_stc": "",
        "cause": "",
        "description": "APISessionJAN",
        "origin_id": "",
        "calendar_duration": "",
        "close_notes": "",
        "notify": "1",
        "service_offering": "",
        "sys_class_name": "incident",
        "closed_by": "",
        "follow_up": "",
        "parent_incident": "",
        "sys_id": "9d0d332493152210521b393efaba1064",
        "contact_type": "",
        "reopened_by": "",
        "incident_state": "1",
        "urgency": "3",
        "problem_id": "",
        "company": "",
        "reassignment_count": "0",
        "activity_due": "",
        "assigned_to": "",
        "severity": "3",
        "comments": "",
        "approval": "not requested",
        "sla_due": "",
        "comments_and_work_notes": "",
        "due_date": "",
        "sys_mod_count": "0",
        "reopen_count": "0",
        "sys_tags": "",
        "escalation": "0",
        "upon_approval": "proceed",
        "correlation_id": "",
        "location": "",
        "category": "inquiry"
    }
}
Headers: 
Content-Type: application/json;charset=UTF-8
=====================================
]]></system-err>
  </testcase>
  <testcase name="runScenario[&quot;Create a incident record body as POJO Object and validate the status code&quot;, &quot;Service now api incident feature&quot;](3)" classname="runner.TestNGRunner" time="2.475">
    <system-out><![CDATA[
Scenario Outline: Create a incident record body as POJO Object and validate the status code                          &amp#27;[90m# src/test/java/features/IncidentService.feature:24&amp#27;[0m
  &amp#27;[32mGiven &amp#27;[0m&amp#27;[32mSet the base uri of the service now api&amp#27;[0m                                                                      &amp#27;[90m# step.defs.som.IncidentServiceSteps.set_the_base_uri_of_the_service_now_api()&amp#27;[0m
  &amp#27;[32mAnd &amp#27;[0m&amp#27;[32mSet the base path of the service now api&amp#27;[0m                                                                       &amp#27;[90m# step.defs.som.IncidentServiceSteps.set_the_base_path_of_the_service_now_api()&amp#27;[0m
  &amp#27;[32mAnd &amp#27;[0m&amp#27;[32mSet the basic Auth of the service now api&amp#27;[0m                                                                      &amp#27;[90m# step.defs.som.IncidentServiceSteps.set_the_basic_auth_of_the_service_now_api()&amp#27;[0m
  &amp#27;[32mWhen &amp#27;[0m&amp#27;[32mSet the header &amp#27;[0m&amp#27;[32m&amp#27;[1m"Content-Type"&amp#27;[0m&amp#27;[32m key and header &amp#27;[0m&amp#27;[32m&amp#27;[1m"application/json"&amp#27;[0m&amp#27;[32m value&amp#27;[0m                                         &amp#27;[90m# step.defs.som.IncidentServiceSteps.set_the_header_key_and_header_value(java.lang.String,java.lang.String)&amp#27;[0m
  &amp#27;[32mAnd &amp#27;[0m&amp#27;[32mcreate the incident record with description &amp#27;[0m&amp#27;[32m&amp#27;[1mAPISessionFEB&amp#27;[0m&amp#27;[32m in the request body&amp#27;[0m                                  &amp#27;[90m# step.defs.som.IncidentServiceSteps.create_the_incident_record_with_description_api_session_jan_in_the_request_body(java.lang.String)&amp#27;[0m
  &amp#27;[32mAnd &amp#27;[0m&amp#27;[32mcreate the incident record with short description &amp#27;[0m&amp#27;[32m&amp#27;[1mAdding new record using POST POJO Object&amp#27;[0m&amp#27;[32m in the request body&amp#27;[0m &amp#27;[90m# step.defs.som.IncidentServiceSteps.create_the_incident_record_with_shaort_description_adding_new_record_using_post_pojo_object_in_the_request_body(java.lang.String)&amp#27;[0m
  &amp#27;[32mAnd &amp#27;[0m&amp#27;[32mhit the post http method with request body as the pojo object&amp#27;[0m                                                  &amp#27;[90m# step.defs.som.IncidentServiceSteps.hit_the_post_http_method_with_request_body_as_the_pojo_object()&amp#27;[0m
  &amp#27;[32mThen &amp#27;[0m&amp#27;[32mvalidate the status code and status line&amp#27;[0m                                                                      &amp#27;[90m# step.defs.som.IncidentServiceSteps.validate_the_status_code_and_status_line()&amp#27;[0m
]]></system-out>
    <system-err><![CDATA[May 01, 2025 1:20:56 PM com.api.rest.assured.base.RestAssuredListener filter
INFO: ============ Request Log ============
HTTP Method: POST
URI: https://dev306865.service-now.com/api/now/table/incident
Headers: [Accept=*/*, Content-Type=application/json]
Request Payload: {"short_description":"Adding new record using POST POJO Object","description":"APISessionFEB"}
=====================================
May 01, 2025 1:20:56 PM com.api.rest.assured.base.RestAssuredListener filter
INFO: ============ Response Log ============
Response Status Code: 201
Response Status Line: HTTP/1.1 201 Created
Response Body: 
{
    "result": {
        "parent": "",
        "made_sla": "true",
        "caused_by": "",
        "watch_list": "",
        "upon_reject": "cancel",
        "sys_updated_on": "2025-05-01 07:50:56",
        "child_incidents": "0",
        "hold_reason": "",
        "origin_table": "",
        "task_effective_number": "INC0010015",
        "approval_history": "",
        "number": "INC0010015",
        "resolved_by": "",
        "sys_updated_by": "admin",
        "opened_by": {
            "link": "https://dev306865.service-now.com/api/now/table/sys_user/6816f79cc0a8016401c5a33be04be441",
            "value": "6816f79cc0a8016401c5a33be04be441"
        },
        "user_input": "",
        "sys_created_on": "2025-05-01 07:50:56",
        "sys_domain": {
            "link": "https://dev306865.service-now.com/api/now/table/sys_user_group/global",
            "value": "global"
        },
        "state": "1",
        "route_reason": "",
        "sys_created_by": "admin",
        "knowledge": "false",
        "order": "",
        "calendar_stc": "",
        "closed_at": "",
        "cmdb_ci": "",
        "delivery_plan": "",
        "contract": "",
        "impact": "3",
        "active": "true",
        "work_notes_list": "",
        "business_service": "",
        "business_impact": "",
        "priority": "5",
        "sys_domain_path": "/",
        "rfc": "",
        "time_worked": "",
        "expected_start": "",
        "opened_at": "2025-05-01 07:50:56",
        "business_duration": "",
        "group_list": "",
        "work_end": "",
        "caller_id": "",
        "reopened_time": "",
        "resolved_at": "",
        "approval_set": "",
        "subcategory": "",
        "work_notes": "",
        "universal_request": "",
        "short_description": "Adding new record using POST POJO Object",
        "close_code": "",
        "correlation_display": "",
        "delivery_task": "",
        "work_start": "",
        "assignment_group": "",
        "additional_assignee_list": "",
        "business_stc": "",
        "cause": "",
        "description": "APISessionFEB",
        "origin_id": "",
        "calendar_duration": "",
        "close_notes": "",
        "notify": "1",
        "service_offering": "",
        "sys_class_name": "incident",
        "closed_by": "",
        "follow_up": "",
        "parent_incident": "",
        "sys_id": "390dbfe093d12210521b393efaba10c4",
        "contact_type": "",
        "reopened_by": "",
        "incident_state": "1",
        "urgency": "3",
        "problem_id": "",
        "company": "",
        "reassignment_count": "0",
        "activity_due": "",
        "assigned_to": "",
        "severity": "3",
        "comments": "",
        "approval": "not requested",
        "sla_due": "",
        "comments_and_work_notes": "",
        "due_date": "",
        "sys_mod_count": "0",
        "reopen_count": "0",
        "sys_tags": "",
        "escalation": "0",
        "upon_approval": "proceed",
        "correlation_id": "",
        "location": "",
        "category": "inquiry"
    }
}
Headers: 
Content-Type: application/json;charset=UTF-8
=====================================
]]></system-err>
  </testcase>
  <testcase name="runScenario[&quot;Create a incident record body as POJO Object and validate the status code&quot;, &quot;Service now api incident feature&quot;](4)" classname="runner.TestNGRunner" time="2.721">
    <system-out><![CDATA[
Scenario Outline: Create a incident record body as POJO Object and validate the status code                              &amp#27;[90m# src/test/java/features/IncidentService.feature:25&amp#27;[0m
  &amp#27;[32mGiven &amp#27;[0m&amp#27;[32mSet the base uri of the service now api&amp#27;[0m                                                                          &amp#27;[90m# step.defs.som.IncidentServiceSteps.set_the_base_uri_of_the_service_now_api()&amp#27;[0m
  &amp#27;[32mAnd &amp#27;[0m&amp#27;[32mSet the base path of the service now api&amp#27;[0m                                                                           &amp#27;[90m# step.defs.som.IncidentServiceSteps.set_the_base_path_of_the_service_now_api()&amp#27;[0m
  &amp#27;[32mAnd &amp#27;[0m&amp#27;[32mSet the basic Auth of the service now api&amp#27;[0m                                                                          &amp#27;[90m# step.defs.som.IncidentServiceSteps.set_the_basic_auth_of_the_service_now_api()&amp#27;[0m
  &amp#27;[32mWhen &amp#27;[0m&amp#27;[32mSet the header &amp#27;[0m&amp#27;[32m&amp#27;[1m"Content-Type"&amp#27;[0m&amp#27;[32m key and header &amp#27;[0m&amp#27;[32m&amp#27;[1m"application/json"&amp#27;[0m&amp#27;[32m value&amp#27;[0m                                             &amp#27;[90m# step.defs.som.IncidentServiceSteps.set_the_header_key_and_header_value(java.lang.String,java.lang.String)&amp#27;[0m
  &amp#27;[32mAnd &amp#27;[0m&amp#27;[32mcreate the incident record with description &amp#27;[0m&amp#27;[32m&amp#27;[1mAPISessionMar&amp#27;[0m&amp#27;[32m in the request body&amp#27;[0m                                      &amp#27;[90m# step.defs.som.IncidentServiceSteps.create_the_incident_record_with_description_api_session_jan_in_the_request_body(java.lang.String)&amp#27;[0m
  &amp#27;[32mAnd &amp#27;[0m&amp#27;[32mcreate the incident record with short description &amp#27;[0m&amp#27;[32m&amp#27;[1mAdding new record using POST POJO Object Mar&amp#27;[0m&amp#27;[32m in the request body&amp#27;[0m &amp#27;[90m# step.defs.som.IncidentServiceSteps.create_the_incident_record_with_shaort_description_adding_new_record_using_post_pojo_object_in_the_request_body(java.lang.String)&amp#27;[0m
  &amp#27;[32mAnd &amp#27;[0m&amp#27;[32mhit the post http method with request body as the pojo object&amp#27;[0m                                                      &amp#27;[90m# step.defs.som.IncidentServiceSteps.hit_the_post_http_method_with_request_body_as_the_pojo_object()&amp#27;[0m
  &amp#27;[32mThen &amp#27;[0m&amp#27;[32mvalidate the status code and status line&amp#27;[0m                                                                          &amp#27;[90m# step.defs.som.IncidentServiceSteps.validate_the_status_code_and_status_line()&amp#27;[0m
]]></system-out>
    <system-err><![CDATA[May 01, 2025 1:20:59 PM com.api.rest.assured.base.RestAssuredListener filter
INFO: ============ Request Log ============
HTTP Method: POST
URI: https://dev306865.service-now.com/api/now/table/incident
Headers: [Accept=*/*, Content-Type=application/json]
Request Payload: {"short_description":"Adding new record using POST POJO Object Mar","description":"APISessionMar"}
=====================================
May 01, 2025 1:20:59 PM com.api.rest.assured.base.RestAssuredListener filter
INFO: ============ Response Log ============
Response Status Code: 201
Response Status Line: HTTP/1.1 201 Created
Response Body: 
{
    "result": {
        "parent": "",
        "made_sla": "true",
        "caused_by": "",
        "watch_list": "",
        "upon_reject": "cancel",
        "sys_updated_on": "2025-05-01 07:50:59",
        "child_incidents": "0",
        "hold_reason": "",
        "origin_table": "",
        "task_effective_number": "INC0010016",
        "approval_history": "",
        "number": "INC0010016",
        "resolved_by": "",
        "sys_updated_by": "admin",
        "opened_by": {
            "link": "https://dev306865.service-now.com/api/now/table/sys_user/6816f79cc0a8016401c5a33be04be441",
            "value": "6816f79cc0a8016401c5a33be04be441"
        },
        "user_input": "",
        "sys_created_on": "2025-05-01 07:50:59",
        "sys_domain": {
            "link": "https://dev306865.service-now.com/api/now/table/sys_user_group/global",
            "value": "global"
        },
        "state": "1",
        "route_reason": "",
        "sys_created_by": "admin",
        "knowledge": "false",
        "order": "",
        "calendar_stc": "",
        "closed_at": "",
        "cmdb_ci": "",
        "delivery_plan": "",
        "contract": "",
        "impact": "3",
        "active": "true",
        "work_notes_list": "",
        "business_service": "",
        "business_impact": "",
        "priority": "5",
        "sys_domain_path": "/",
        "rfc": "",
        "time_worked": "",
        "expected_start": "",
        "opened_at": "2025-05-01 07:50:59",
        "business_duration": "",
        "group_list": "",
        "work_end": "",
        "caller_id": "",
        "reopened_time": "",
        "resolved_at": "",
        "approval_set": "",
        "subcategory": "",
        "work_notes": "",
        "universal_request": "",
        "short_description": "Adding new record using POST POJO Object Mar",
        "close_code": "",
        "correlation_display": "",
        "delivery_task": "",
        "work_start": "",
        "assignment_group": "",
        "additional_assignee_list": "",
        "business_stc": "",
        "cause": "",
        "description": "APISessionMar",
        "origin_id": "",
        "calendar_duration": "",
        "close_notes": "",
        "notify": "1",
        "service_offering": "",
        "sys_class_name": "incident",
        "closed_by": "",
        "follow_up": "",
        "parent_incident": "",
        "sys_id": "2a0d73a493952210521b393efaba10e5",
        "contact_type": "",
        "reopened_by": "",
        "incident_state": "1",
        "urgency": "3",
        "problem_id": "",
        "company": "",
        "reassignment_count": "0",
        "activity_due": "",
        "assigned_to": "",
        "severity": "3",
        "comments": "",
        "approval": "not requested",
        "sla_due": "",
        "comments_and_work_notes": "",
        "due_date": "",
        "sys_mod_count": "0",
        "reopen_count": "0",
        "sys_tags": "",
        "escalation": "0",
        "upon_approval": "proceed",
        "correlation_id": "",
        "location": "",
        "category": "inquiry"
    }
}
Headers: 
Content-Type: application/json;charset=UTF-8
=====================================
]]></system-err>
  </testcase>
</testsuite>