<?xml version="1.0" encoding="UTF-8"?>
<!-- Generated by org.testng.reporters.JUnitReportReporter -->
<testsuite hostname="LAPTOP-RDSQ4RAL" failures="0" tests="1" name="step.defs.som.TokenPratice" time="4.460" errors="0" timestamp="2025-03-23T23:00:13 IST" skipped="0">
  <testcase classname="step.defs.som.TokenPratice" name="hello" time="4.460"/>
  <system-out/>
</testsuite> <!-- step.defs.som.TokenPratice -->
