<?xml version="1.0" encoding="UTF-8"?>
<!-- Generated by org.testng.reporters.JUnitReportReporter -->
<testsuite hostname="LAPTOP-RDSQ4RAL" failures="0" tests="4" name="runner.TestNGRunner" time="11.946" errors="0" timestamp="2025-03-03T20:08:58 IST" skipped="0">
  <testcase classname="runner.TestNGRunner" name="runScenario" time="4.477"/>
  <system-out/>
  <testcase classname="runner.TestNGRunner" name="runScenario" time="2.296"/>
  <system-out/>
  <testcase classname="runner.TestNGRunner" name="runScenario" time="2.565"/>
  <system-out/>
  <testcase classname="runner.TestNGRunner" name="runScenario" time="2.608"/>
  <system-out/>
</testsuite> <!-- runner.TestNGRunner -->
