<?xml version="1.0" encoding="UTF-8"?>
<!-- Generated by org.testng.reporters.JUnitReportReporter -->
<testsuite hostname="LAPTOP-RDSQ4RAL" failures="0" tests="4" name="runner.TestNGRunner" time="14.009" errors="0" timestamp="2025-03-23T23:08:17 IST" skipped="0">
  <testcase classname="runner.TestNGRunner" name="runScenario" time="3.260"/>
  <system-out/>
  <testcase classname="runner.TestNGRunner" name="runScenario" time="2.436"/>
  <system-out/>
  <testcase classname="runner.TestNGRunner" name="runScenario" time="2.531"/>
  <system-out/>
  <testcase classname="runner.TestNGRunner" name="runScenario" time="5.782"/>
  <system-out/>
</testsuite> <!-- runner.TestNGRunner -->
