<?xml version="1.0" encoding="UTF-8"?>
<!-- Generated by org.testng.reporters.JUnitReportReporter -->
<testsuite hostname="LAPTOP-RDSQ4RAL" failures="0" tests="4" name="runner.TestNGRunner" time="17.119" errors="0" timestamp="2025-05-01T13:21:05 IST" skipped="0">
  <testcase classname="runner.TestNGRunner" name="runScenario" time="2.526"/>
  <system-out/>
  <testcase classname="runner.TestNGRunner" name="runScenario" time="2.710"/>
  <system-out/>
  <testcase classname="runner.TestNGRunner" name="runScenario" time="8.169"/>
  <system-out/>
  <testcase classname="runner.TestNGRunner" name="runScenario" time="3.714"/>
  <system-out/>
</testsuite> <!-- runner.TestNGRunner -->
